<?xml version="1.0" encoding="UTF-8"?>
<!-- Generated by org.testng.reporters.JUnitXMLReporter -->
<testsuite ignored="0" hostname="DESKTOP-RR4CVOF" failures="0" tests="3" name="Default test" time="25.441" errors="0" timestamp="2024-07-16T18:21:52 IST">
  <testcase classname="test.TestAutomation" name="watchDemo" time="8.247"/>
  <testcase classname="test.TestAutomation" name="openShoppingCart" time="1.042"/>
  <testcase classname="test.TestAutomation" name="validatePrices" time="0.052"/>
</testsuite> <!-- Default test -->
