<?xml version="1.0" encoding="UTF-8"?>
<testng-results ignored="0" total="3" passed="3" failed="0" skipped="0">
  <reporter-output>
  </reporter-output>
  <suite started-at="2024-07-16T18:22:41 IST" name="Suite" finished-at="2024-07-16T18:23:04 IST" duration-ms="23328">
    <groups>
    </groups>
    <test started-at="2024-07-16T18:22:41 IST" name="Test" finished-at="2024-07-16T18:23:04 IST" duration-ms="23328">
      <class name="test.TestAutomation">
        <test-method is-config="true" signature="setUp()[pri:0, instance:test.TestAutomation@6d4d66d2]" started-at="2024-07-16T18:22:41 IST" name="setUp" finished-at="2024-07-16T18:22:56 IST" duration-ms="14733" status="PASS">
          <reporter-output>
          </reporter-output>
        </test-method> <!-- setUp -->
        <test-method signature="watchDemo()[pri:0, instance:test.TestAutomation@6d4d66d2]" started-at="2024-07-16T18:22:56 IST" name="watchDemo" finished-at="2024-07-16T18:23:04 IST" duration-ms="7984" status="PASS">
          <reporter-output>
          </reporter-output>
        </test-method> <!-- watchDemo -->
        <test-method signature="openShoppingCart()[pri:2, instance:test.TestAutomation@6d4d66d2]" started-at="2024-07-16T18:23:04 IST" name="openShoppingCart" finished-at="2024-07-16T18:23:04 IST" duration-ms="337" status="PASS">
          <reporter-output>
          </reporter-output>
        </test-method> <!-- openShoppingCart -->
        <test-method signature="validatePrices()[pri:3, instance:test.TestAutomation@6d4d66d2]" started-at="2024-07-16T18:23:04 IST" name="validatePrices" finished-at="2024-07-16T18:23:04 IST" duration-ms="51" status="PASS">
          <reporter-output>
          </reporter-output>
        </test-method> <!-- validatePrices -->
        <test-method is-config="true" signature="tearDown()[pri:0, instance:test.TestAutomation@6d4d66d2]" started-at="2024-07-16T18:23:04 IST" name="tearDown" finished-at="2024-07-16T18:23:04 IST" duration-ms="163" status="PASS">
          <reporter-output>
          </reporter-output>
        </test-method> <!-- tearDown -->
      </class> <!-- test.TestAutomation -->
    </test> <!-- Test -->
  </suite> <!-- Suite -->
</testng-results>
